remote: error: GH013: Repository rule violations found for refs/heads/main.        
remote: 
remote: - GITHUB PUSH PROTECTION        
remote:   —————————————————————————————————————————        
remote:     Resolve the following violations before pushing again        
remote: 
remote:     - Push cannot contain secrets        
remote: 
remote:             
remote:      (?) Learn how to resolve a blocked push        
remote:      https://docs.github.com/code-security/secret-scanning/working-with-secret-scanning-and-push-protection/working-with-push-protection-from-the-command-line#resolving-a-blocked-push        
remote:             
remote:             
remote:       —— Supabase Secret Key ———————————————————————————————        
remote:        locations:        
remote:          - commit: dd88704ba7ef9d457961ac201b871cf093fe0a0c        
remote:            path: scripts/run-migration.mjs:20        
remote:             
remote:        (?) To push, remove secret from commit(s) or follow this URL to allow the secret.        
remote:        https://github.com/abdulmajeedalbarhi/malboos/security/secret-scanning/unblock-secret/3AGT0SWOV9wlI4gdqlSSoRF2Nxp        
remote:             
remote: 
remote: 
To https://github.com/abdulmajeedalbarhi/malboos.git
 ! [remote rejected] main -> main (push declined due to repository rule violations)
error: failed to push some refs to 'https://github.com/abdulmajeedalbarhi/malboos.git'
